[0m00:30:21.137006 [debug] [MainThread]: Sending event: {'category': 'dbt', 'action': 'invocation', 'label': 'start', 'context': [<snowplow_tracker.self_describing_json.SelfDescribingJson object at 0x7f0c978ccd30>, <snowplow_tracker.self_describing_json.SelfDescribingJson object at 0x7f0c9565ac20>, <snowplow_tracker.self_describing_json.SelfDescribingJson object at 0x7f0c9565ab90>]}


============================== 00:30:21.145402 | a2b383fe-148c-46e0-86f0-627f3e2a0040 ==============================
[0m00:30:21.145402 [info ] [MainThread]: Running with dbt=1.7.8
[0m00:30:21.146413 [debug] [MainThread]: running dbt with arguments {'printer_width': '80', 'indirect_selection': 'eager', 'write_json': 'True', 'log_cache_events': 'False', 'partial_parse': 'True', 'cache_selected_only': 'False', 'profiles_dir': '/workspaces/data-engineering-zoomcamp-nyssa/hw_4', 'fail_fast': 'False', 'warn_error': 'None', 'log_path': 'logs', 'version_check': 'True', 'debug': 'False', 'use_colors': 'True', 'use_experimental_parser': 'False', 'no_print': 'None', 'quiet': 'False', 'log_format': 'default', 'invocation_command': 'dbt init', 'static_parser': 'True', 'warn_error_options': 'WarnErrorOptions(include=[], exclude=[])', 'target_path': 'None', 'introspect': 'True', 'send_anonymous_usage_stats': 'True'}
[0m00:30:49.012091 [debug] [MainThread]: Starter project path: /workspaces/data-engineering-zoomcamp-nyssa/hw_4/dbt-env/lib/python3.10/site-packages/dbt/include/starter_project
[0m00:30:49.023154 [info ] [MainThread]: 
Your new dbt project "taxi_rides_ny" was created!

For more information on how to configure the profiles.yml file,
please consult the dbt documentation here:

  https://docs.getdbt.com/docs/configure-your-profile

One more thing:

Need help? Don't hesitate to reach out to us via GitHub issues or on Slack:

  https://community.getdbt.com/

Happy modeling!

[0m00:30:49.024591 [info ] [MainThread]: Setting up your profile.
[0m00:31:53.434647 [info ] [MainThread]: Profile taxi_rides_ny written to /workspaces/data-engineering-zoomcamp-nyssa/hw_4/profiles.yml using target's profile_template.yml and your supplied values. Run 'dbt debug' to validate the connection.
[0m00:31:53.436343 [debug] [MainThread]: Resource report: {"command_name": "init", "command_success": true, "command_wall_clock_time": 92.3552, "process_user_time": 2.82758, "process_kernel_time": 0.206995, "process_mem_max_rss": "119016", "process_in_blocks": "2368", "process_out_blocks": "88"}
[0m00:31:53.437333 [debug] [MainThread]: Command `dbt init` succeeded at 00:31:53.437098 after 92.36 seconds
[0m00:31:53.438397 [debug] [MainThread]: Sending event: {'category': 'dbt', 'action': 'invocation', 'label': 'end', 'context': [<snowplow_tracker.self_describing_json.SelfDescribingJson object at 0x7f0c978ccd30>, <snowplow_tracker.self_describing_json.SelfDescribingJson object at 0x7f0c93c2f550>, <snowplow_tracker.self_describing_json.SelfDescribingJson object at 0x7f0c93c2f970>]}
[0m00:31:53.439137 [debug] [MainThread]: Flushing usage events
[0m00:33:40.582889 [debug] [MainThread]: Sending event: {'category': 'dbt', 'action': 'invocation', 'label': 'start', 'context': [<snowplow_tracker.self_describing_json.SelfDescribingJson object at 0x7f3cb69aab90>, <snowplow_tracker.self_describing_json.SelfDescribingJson object at 0x7f3cb4726bf0>, <snowplow_tracker.self_describing_json.SelfDescribingJson object at 0x7f3cb4726b90>]}


============================== 00:33:40.586407 | dc5cba21-ddda-4c66-aebd-5f23cc28dfec ==============================
[0m00:33:40.586407 [info ] [MainThread]: Running with dbt=1.7.8
[0m00:33:40.587417 [debug] [MainThread]: running dbt with arguments {'printer_width': '80', 'indirect_selection': 'eager', 'log_cache_events': 'False', 'write_json': 'True', 'partial_parse': 'True', 'cache_selected_only': 'False', 'profiles_dir': '/workspaces/data-engineering-zoomcamp-nyssa/hw_4', 'debug': 'False', 'version_check': 'True', 'log_path': 'logs', 'fail_fast': 'False', 'warn_error': 'None', 'use_colors': 'True', 'use_experimental_parser': 'False', 'no_print': 'None', 'quiet': 'False', 'log_format': 'default', 'invocation_command': 'dbt debug', 'static_parser': 'True', 'introspect': 'True', 'target_path': 'None', 'warn_error_options': 'WarnErrorOptions(include=[], exclude=[])', 'send_anonymous_usage_stats': 'True'}
[0m00:33:40.588398 [info ] [MainThread]: dbt version: 1.7.8
[0m00:33:40.589164 [info ] [MainThread]: python version: 3.10.13
[0m00:33:40.590068 [info ] [MainThread]: python path: /workspaces/data-engineering-zoomcamp-nyssa/hw_4/dbt-env/bin/python
[0m00:33:40.590834 [info ] [MainThread]: os info: Linux-6.2.0-1019-azure-x86_64-with-glibc2.31
[0m00:33:41.008339 [info ] [MainThread]: Using profiles dir at /workspaces/data-engineering-zoomcamp-nyssa/hw_4
[0m00:33:41.009394 [info ] [MainThread]: Using profiles.yml file at /workspaces/data-engineering-zoomcamp-nyssa/hw_4/profiles.yml
[0m00:33:41.010211 [info ] [MainThread]: Using dbt_project.yml file at /workspaces/data-engineering-zoomcamp-nyssa/hw_4/dbt_project.yml
[0m00:33:41.011219 [info ] [MainThread]: adapter type: bigquery
[0m00:33:41.012017 [info ] [MainThread]: adapter version: 1.7.6
[0m00:33:41.012804 [info ] [MainThread]: Configuration:
[0m00:33:41.013711 [info ] [MainThread]:   profiles.yml file [[32mOK found and valid[0m]
[0m00:33:41.014618 [info ] [MainThread]:   dbt_project.yml file [[31mERROR not found[0m]
[0m00:33:41.015463 [info ] [MainThread]: Required dependencies:
[0m00:33:41.016657 [debug] [MainThread]: Executing "git --help"
[0m00:33:41.019665 [debug] [MainThread]: STDOUT: "b"usage: git [-v | --version] [-h | --help] [-C <path>] [-c <name>=<value>]\n           [--exec-path[=<path>]] [--html-path] [--man-path] [--info-path]\n           [-p | --paginate | -P | --no-pager] [--no-replace-objects] [--bare]\n           [--git-dir=<path>] [--work-tree=<path>] [--namespace=<name>]\n           [--config-env=<name>=<envvar>] <command> [<args>]\n\nThese are common Git commands used in various situations:\n\nstart a working area (see also: git help tutorial)\n   clone     Clone a repository into a new directory\n   init      Create an empty Git repository or reinitialize an existing one\n\nwork on the current change (see also: git help everyday)\n   add       Add file contents to the index\n   mv        Move or rename a file, a directory, or a symlink\n   restore   Restore working tree files\n   rm        Remove files from the working tree and from the index\n\nexamine the history and state (see also: git help revisions)\n   bisect    Use binary search to find the commit that introduced a bug\n   diff      Show changes between commits, commit and working tree, etc\n   grep      Print lines matching a pattern\n   log       Show commit logs\n   show      Show various types of objects\n   status    Show the working tree status\n\ngrow, mark and tweak your common history\n   branch    List, create, or delete branches\n   commit    Record changes to the repository\n   merge     Join two or more development histories together\n   rebase    Reapply commits on top of another base tip\n   reset     Reset current HEAD to the specified state\n   switch    Switch branches\n   tag       Create, list, delete or verify a tag object signed with GPG\n\ncollaborate (see also: git help workflows)\n   fetch     Download objects and refs from another repository\n   pull      Fetch from and integrate with another repository or a local branch\n   push      Update remote refs along with associated objects\n\n'git help -a' and 'git help -g' list available subcommands and some\nconcept guides. See 'git help <command>' or 'git help <concept>'\nto read about a specific subcommand or concept.\nSee 'git help git' for an overview of the system.\n""
[0m00:33:41.020528 [debug] [MainThread]: STDERR: "b''"
[0m00:33:41.021203 [info ] [MainThread]:  - git [[32mOK found[0m]

[0m00:33:41.022257 [info ] [MainThread]: Connection:
[0m00:33:41.023045 [info ] [MainThread]:   method: service-account
[0m00:33:41.023796 [info ] [MainThread]:   database: rare-sound-412302
[0m00:33:41.024526 [info ] [MainThread]:   execution_project: rare-sound-412302
[0m00:33:41.025257 [info ] [MainThread]:   schema: trips_data_all1
[0m00:33:41.025968 [info ] [MainThread]:   location: US
[0m00:33:41.026727 [info ] [MainThread]:   priority: interactive
[0m00:33:41.027566 [info ] [MainThread]:   maximum_bytes_billed: None
[0m00:33:41.028507 [info ] [MainThread]:   impersonate_service_account: None
[0m00:33:41.029840 [info ] [MainThread]:   job_retry_deadline_seconds: None
[0m00:33:41.030650 [info ] [MainThread]:   job_retries: 1
[0m00:33:41.031389 [info ] [MainThread]:   job_creation_timeout_seconds: None
[0m00:33:41.032156 [info ] [MainThread]:   job_execution_timeout_seconds: 300
[0m00:33:41.032879 [info ] [MainThread]:   keyfile: /workspaces/data-engineering-zoomcamp-nyssa/hw_1/terraform-gcp/key.json
[0m00:33:41.033739 [info ] [MainThread]:   timeout_seconds: 300
[0m00:33:41.034787 [info ] [MainThread]:   client_id: None
[0m00:33:41.035872 [info ] [MainThread]:   token_uri: None
[0m00:33:41.036927 [info ] [MainThread]:   dataproc_region: None
[0m00:33:41.038001 [info ] [MainThread]:   dataproc_cluster_name: None
[0m00:33:41.039113 [info ] [MainThread]:   gcs_bucket: None
[0m00:33:41.040756 [info ] [MainThread]:   dataproc_batch: None
[0m00:33:41.042152 [info ] [MainThread]: Registered adapter: bigquery=1.7.6
[0m00:33:41.043775 [debug] [MainThread]: Acquiring new bigquery connection 'debug'
[0m00:33:41.044929 [debug] [MainThread]: Opening a new connection, currently in state init
[0m00:33:41.048706 [debug] [MainThread]: On debug: select 1 as id
[0m00:33:41.744304 [debug] [MainThread]: BigQuery adapter: https://console.cloud.google.com/bigquery?project=rare-sound-412302&j=bq:US:661cb4f2-3125-4711-8757-d3e0b71cb173&page=queryresults
[0m00:33:42.153878 [info ] [MainThread]:   Connection test: [[32mOK connection ok[0m]

[0m00:33:42.155555 [info ] [MainThread]: [31m1 check failed:[0m
[0m00:33:42.156875 [info ] [MainThread]: Project loading failed for the following reason:
 project path </workspaces/data-engineering-zoomcamp-nyssa/hw_4/dbt_project.yml> not found

[0m00:33:42.158968 [debug] [MainThread]: Resource report: {"command_name": "debug", "command_wall_clock_time": 1.6319878, "process_user_time": 3.123044, "process_kernel_time": 0.143955, "process_mem_max_rss": "123308", "process_out_blocks": "24", "command_success": false, "process_in_blocks": "0"}
[0m00:33:42.161148 [debug] [MainThread]: Command `dbt debug` failed at 00:33:42.160161 after 1.63 seconds
[0m00:33:42.163787 [debug] [MainThread]: Connection 'debug' was properly closed.
[0m00:33:42.165465 [debug] [MainThread]: Sending event: {'category': 'dbt', 'action': 'invocation', 'label': 'end', 'context': [<snowplow_tracker.self_describing_json.SelfDescribingJson object at 0x7f3cb69aab90>, <snowplow_tracker.self_describing_json.SelfDescribingJson object at 0x7f3cb2d336a0>, <snowplow_tracker.self_describing_json.SelfDescribingJson object at 0x7f3cb2d603d0>]}
[0m00:33:42.166814 [debug] [MainThread]: Flushing usage events
[0m00:34:38.427223 [debug] [MainThread]: Sending event: {'category': 'dbt', 'action': 'invocation', 'label': 'start', 'context': [<snowplow_tracker.self_describing_json.SelfDescribingJson object at 0x7fa0dd96ab90>, <snowplow_tracker.self_describing_json.SelfDescribingJson object at 0x7fa0db6bebf0>, <snowplow_tracker.self_describing_json.SelfDescribingJson object at 0x7fa0db6beb90>]}


============================== 00:34:38.430959 | 84335661-4992-4718-b6b5-588c1dca07da ==============================
[0m00:34:38.430959 [info ] [MainThread]: Running with dbt=1.7.8
[0m00:34:38.431955 [debug] [MainThread]: running dbt with arguments {'printer_width': '80', 'indirect_selection': 'eager', 'write_json': 'True', 'log_cache_events': 'False', 'partial_parse': 'True', 'cache_selected_only': 'False', 'profiles_dir': '/workspaces/data-engineering-zoomcamp-nyssa/hw_4', 'debug': 'False', 'version_check': 'True', 'log_path': 'logs', 'fail_fast': 'False', 'warn_error': 'None', 'use_colors': 'True', 'use_experimental_parser': 'False', 'no_print': 'None', 'quiet': 'False', 'warn_error_options': 'WarnErrorOptions(include=[], exclude=[])', 'introspect': 'True', 'static_parser': 'True', 'log_format': 'default', 'target_path': 'None', 'invocation_command': 'dbt debug', 'send_anonymous_usage_stats': 'True'}
[0m00:34:38.432894 [info ] [MainThread]: dbt version: 1.7.8
[0m00:34:38.433644 [info ] [MainThread]: python version: 3.10.13
[0m00:34:38.434371 [info ] [MainThread]: python path: /workspaces/data-engineering-zoomcamp-nyssa/hw_4/dbt-env/bin/python
[0m00:34:38.435115 [info ] [MainThread]: os info: Linux-6.2.0-1019-azure-x86_64-with-glibc2.31
[0m00:34:38.895777 [info ] [MainThread]: Using profiles dir at /workspaces/data-engineering-zoomcamp-nyssa/hw_4
[0m00:34:38.896790 [info ] [MainThread]: Using profiles.yml file at /workspaces/data-engineering-zoomcamp-nyssa/hw_4/profiles.yml
[0m00:34:38.897543 [info ] [MainThread]: Using dbt_project.yml file at /workspaces/data-engineering-zoomcamp-nyssa/hw_4/dbt_project.yml
[0m00:34:38.898485 [info ] [MainThread]: adapter type: bigquery
[0m00:34:38.899211 [info ] [MainThread]: adapter version: 1.7.6
[0m00:34:38.899968 [info ] [MainThread]: Configuration:
[0m00:34:38.900682 [info ] [MainThread]:   profiles.yml file [[32mOK found and valid[0m]
[0m00:34:38.901542 [info ] [MainThread]:   dbt_project.yml file [[31mERROR not found[0m]
[0m00:34:38.902360 [info ] [MainThread]: Required dependencies:
[0m00:34:38.903374 [debug] [MainThread]: Executing "git --help"
[0m00:34:38.907319 [debug] [MainThread]: STDOUT: "b"usage: git [-v | --version] [-h | --help] [-C <path>] [-c <name>=<value>]\n           [--exec-path[=<path>]] [--html-path] [--man-path] [--info-path]\n           [-p | --paginate | -P | --no-pager] [--no-replace-objects] [--bare]\n           [--git-dir=<path>] [--work-tree=<path>] [--namespace=<name>]\n           [--config-env=<name>=<envvar>] <command> [<args>]\n\nThese are common Git commands used in various situations:\n\nstart a working area (see also: git help tutorial)\n   clone     Clone a repository into a new directory\n   init      Create an empty Git repository or reinitialize an existing one\n\nwork on the current change (see also: git help everyday)\n   add       Add file contents to the index\n   mv        Move or rename a file, a directory, or a symlink\n   restore   Restore working tree files\n   rm        Remove files from the working tree and from the index\n\nexamine the history and state (see also: git help revisions)\n   bisect    Use binary search to find the commit that introduced a bug\n   diff      Show changes between commits, commit and working tree, etc\n   grep      Print lines matching a pattern\n   log       Show commit logs\n   show      Show various types of objects\n   status    Show the working tree status\n\ngrow, mark and tweak your common history\n   branch    List, create, or delete branches\n   commit    Record changes to the repository\n   merge     Join two or more development histories together\n   rebase    Reapply commits on top of another base tip\n   reset     Reset current HEAD to the specified state\n   switch    Switch branches\n   tag       Create, list, delete or verify a tag object signed with GPG\n\ncollaborate (see also: git help workflows)\n   fetch     Download objects and refs from another repository\n   pull      Fetch from and integrate with another repository or a local branch\n   push      Update remote refs along with associated objects\n\n'git help -a' and 'git help -g' list available subcommands and some\nconcept guides. See 'git help <command>' or 'git help <concept>'\nto read about a specific subcommand or concept.\nSee 'git help git' for an overview of the system.\n""
[0m00:34:38.908608 [debug] [MainThread]: STDERR: "b''"
[0m00:34:38.909681 [info ] [MainThread]:  - git [[32mOK found[0m]

[0m00:34:38.910811 [info ] [MainThread]: Connection:
[0m00:34:38.911970 [info ] [MainThread]:   method: service-account
[0m00:34:38.913084 [info ] [MainThread]:   database: rare-sound-412302
[0m00:34:38.914133 [info ] [MainThread]:   execution_project: rare-sound-412302
[0m00:34:38.915140 [info ] [MainThread]:   schema: trips_data_all1
[0m00:34:38.916335 [info ] [MainThread]:   location: US
[0m00:34:38.917710 [info ] [MainThread]:   priority: interactive
[0m00:34:38.918937 [info ] [MainThread]:   maximum_bytes_billed: None
[0m00:34:38.920136 [info ] [MainThread]:   impersonate_service_account: None
[0m00:34:38.921486 [info ] [MainThread]:   job_retry_deadline_seconds: None
[0m00:34:38.923217 [info ] [MainThread]:   job_retries: 1
[0m00:34:38.924400 [info ] [MainThread]:   job_creation_timeout_seconds: None
[0m00:34:38.925495 [info ] [MainThread]:   job_execution_timeout_seconds: 300
[0m00:34:38.926591 [info ] [MainThread]:   keyfile: /workspaces/data-engineering-zoomcamp-nyssa/hw_1/terraform-gcp/key.json
[0m00:34:38.928108 [info ] [MainThread]:   timeout_seconds: 300
[0m00:34:38.929876 [info ] [MainThread]:   client_id: None
[0m00:34:38.931020 [info ] [MainThread]:   token_uri: None
[0m00:34:38.932233 [info ] [MainThread]:   dataproc_region: None
[0m00:34:38.933571 [info ] [MainThread]:   dataproc_cluster_name: None
[0m00:34:38.934883 [info ] [MainThread]:   gcs_bucket: None
[0m00:34:38.936014 [info ] [MainThread]:   dataproc_batch: None
[0m00:34:38.937257 [info ] [MainThread]: Registered adapter: bigquery=1.7.6
[0m00:34:38.938767 [debug] [MainThread]: Acquiring new bigquery connection 'debug'
[0m00:34:38.939974 [debug] [MainThread]: Opening a new connection, currently in state init
[0m00:34:38.941902 [debug] [MainThread]: On debug: select 1 as id
[0m00:34:39.462129 [debug] [MainThread]: BigQuery adapter: https://console.cloud.google.com/bigquery?project=rare-sound-412302&j=bq:US:bed3e6e5-e91f-47cc-a0e6-ff2e3fd4d5a3&page=queryresults
[0m00:34:39.830794 [info ] [MainThread]:   Connection test: [[32mOK connection ok[0m]

[0m00:34:39.831802 [info ] [MainThread]: [31m1 check failed:[0m
[0m00:34:39.832545 [info ] [MainThread]: Project loading failed for the following reason:
 project path </workspaces/data-engineering-zoomcamp-nyssa/hw_4/dbt_project.yml> not found

[0m00:34:39.834170 [debug] [MainThread]: Resource report: {"command_name": "debug", "command_wall_clock_time": 1.4616848, "process_user_time": 3.010026, "process_kernel_time": 0.131216, "process_mem_max_rss": "123228", "process_out_blocks": "24", "command_success": false, "process_in_blocks": "0"}
[0m00:34:39.835078 [debug] [MainThread]: Command `dbt debug` failed at 00:34:39.834844 after 1.46 seconds
[0m00:34:39.835769 [debug] [MainThread]: Connection 'debug' was properly closed.
[0m00:34:39.836858 [debug] [MainThread]: Sending event: {'category': 'dbt', 'action': 'invocation', 'label': 'end', 'context': [<snowplow_tracker.self_describing_json.SelfDescribingJson object at 0x7fa0dd96ab90>, <snowplow_tracker.self_describing_json.SelfDescribingJson object at 0x7fa0d9c070a0>, <snowplow_tracker.self_describing_json.SelfDescribingJson object at 0x7fa0d9c06ad0>]}
[0m00:34:39.838043 [debug] [MainThread]: Flushing usage events
